<?xml version="1.0" encoding="UTF-8"?>
<testsuite name="com.ssuspot.sns.SnsApplicationTests" tests="1" skipped="0" failures="0" errors="0" timestamp="2023-09-24T13:40:01" hostname="JULYMELTDOWN" time="0.202">
  <properties/>
  <testcase name="contextLoads()" classname="com.ssuspot.sns.SnsApplicationTests" time="0.202"/>
  <system-out><![CDATA[22:39:56.446 [Test worker] DEBUG org.springframework.test.context.BootstrapUtils - Instantiating CacheAwareContextLoaderDelegate from class [org.springframework.test.context.cache.DefaultCacheAwareContextLoaderDelegate]
22:39:56.456 [Test worker] DEBUG org.springframework.test.context.BootstrapUtils - Instantiating BootstrapContext using constructor [public org.springframework.test.context.support.DefaultBootstrapContext(java.lang.Class,org.springframework.test.context.CacheAwareContextLoaderDelegate)]
22:39:56.480 [Test worker] DEBUG org.springframework.test.context.BootstrapUtils - Instantiating TestContextBootstrapper for test class [com.ssuspot.sns.SnsApplicationTests] from class [org.springframework.boot.test.context.SpringBootTestContextBootstrapper]
22:39:56.490 [Test worker] INFO org.springframework.boot.test.context.SpringBootTestContextBootstrapper - Neither @ContextConfiguration nor @ContextHierarchy found for test class [com.ssuspot.sns.SnsApplicationTests], using SpringBootContextLoader
22:39:56.493 [Test worker] DEBUG org.springframework.test.context.support.AbstractContextLoader - Did not detect default resource location for test class [com.ssuspot.sns.SnsApplicationTests]: class path resource [com/ssuspot/sns/SnsApplicationTests-context.xml] does not exist
22:39:56.493 [Test worker] DEBUG org.springframework.test.context.support.AbstractContextLoader - Did not detect default resource location for test class [com.ssuspot.sns.SnsApplicationTests]: class path resource [com/ssuspot/sns/SnsApplicationTestsContext.groovy] does not exist
22:39:56.493 [Test worker] INFO org.springframework.test.context.support.AbstractContextLoader - Could not detect default resource locations for test class [com.ssuspot.sns.SnsApplicationTests]: no resource found for suffixes {-context.xml, Context.groovy}.
22:39:56.494 [Test worker] INFO org.springframework.test.context.support.AnnotationConfigContextLoaderUtils - Could not detect default configuration classes for test class [com.ssuspot.sns.SnsApplicationTests]: SnsApplicationTests does not declare any static, non-private, non-final, nested classes annotated with @Configuration.
22:39:56.525 [Test worker] DEBUG org.springframework.test.context.support.ActiveProfilesUtils - Could not find an 'annotation declaring class' for annotation type [org.springframework.test.context.ActiveProfiles] and class [com.ssuspot.sns.SnsApplicationTests]
22:39:56.572 [Test worker] DEBUG org.springframework.context.annotation.ClassPathScanningCandidateComponentProvider - Identified candidate component class: file [C:\Users\robot\IdeaProjects\SSUspot-back\sns\build\classes\kotlin\main\com\ssuspot\sns\SnsApplication.class]
22:39:56.572 [Test worker] INFO org.springframework.boot.test.context.SpringBootTestContextBootstrapper - Found @SpringBootConfiguration com.ssuspot.sns.SnsApplication for test class com.ssuspot.sns.SnsApplicationTests
22:39:56.639 [Test worker] DEBUG org.springframework.boot.test.context.SpringBootTestContextBootstrapper - @TestExecutionListeners is not present for class [com.ssuspot.sns.SnsApplicationTests]: using defaults.
22:39:56.639 [Test worker] INFO org.springframework.boot.test.context.SpringBootTestContextBootstrapper - Loaded default TestExecutionListener class names from location [META-INF/spring.factories]: [org.springframework.security.test.context.support.WithSecurityContextTestExecutionListener, org.springframework.security.test.context.support.ReactorContextTestExecutionListener, org.springframework.boot.test.autoconfigure.restdocs.RestDocsTestExecutionListener, org.springframework.boot.test.autoconfigure.web.client.MockRestServiceServerResetTestExecutionListener, org.springframework.boot.test.autoconfigure.web.servlet.MockMvcPrintOnlyOnFailureTestExecutionListener, org.springframework.boot.test.autoconfigure.web.servlet.WebDriverTestExecutionListener, org.springframework.boot.test.autoconfigure.webservices.client.MockWebServiceServerTestExecutionListener, org.springframework.boot.test.mock.mockito.MockitoTestExecutionListener, org.springframework.boot.test.mock.mockito.ResetMocksTestExecutionListener, org.springframework.test.context.web.ServletTestExecutionListener, org.springframework.test.context.support.DirtiesContextBeforeModesTestExecutionListener, org.springframework.test.context.event.ApplicationEventsTestExecutionListener, org.springframework.test.context.support.DependencyInjectionTestExecutionListener, org.springframework.test.context.support.DirtiesContextTestExecutionListener, org.springframework.test.context.transaction.TransactionalTestExecutionListener, org.springframework.test.context.jdbc.SqlScriptsTestExecutionListener, org.springframework.test.context.event.EventPublishingTestExecutionListener]
22:39:56.653 [Test worker] INFO org.springframework.boot.test.context.SpringBootTestContextBootstrapper - Using TestExecutionListeners: [org.springframework.test.context.web.ServletTestExecutionListener@3af17be2, org.springframework.test.context.support.DirtiesContextBeforeModesTestExecutionListener@f9879ac, org.springframework.test.context.event.ApplicationEventsTestExecutionListener@37f21974, org.springframework.boot.test.mock.mockito.MockitoTestExecutionListener@5f4d427e, org.springframework.boot.test.autoconfigure.SpringBootDependencyInjectionTestExecutionListener@6e521c1e, org.springframework.test.context.support.DirtiesContextTestExecutionListener@224b4d61, org.springframework.test.context.transaction.TransactionalTestExecutionListener@5d5d9e5, org.springframework.test.context.jdbc.SqlScriptsTestExecutionListener@303e3593, org.springframework.security.test.context.support.WithSecurityContextTestExecutionListener@4ef27d66, org.springframework.test.context.event.EventPublishingTestExecutionListener@362a019c, org.springframework.security.test.context.support.ReactorContextTestExecutionListener@1d9bec4d, org.springframework.boot.test.autoconfigure.restdocs.RestDocsTestExecutionListener@5c48c0c0, org.springframework.boot.test.autoconfigure.web.client.MockRestServiceServerResetTestExecutionListener@10c8f62, org.springframework.boot.test.autoconfigure.web.servlet.MockMvcPrintOnlyOnFailureTestExecutionListener@674c583e, org.springframework.boot.test.autoconfigure.web.servlet.WebDriverTestExecutionListener@25f7391e, org.springframework.boot.test.autoconfigure.webservices.client.MockWebServiceServerTestExecutionListener@3f23a3a0, org.springframework.boot.test.mock.mockito.ResetMocksTestExecutionListener@5ab14cb9]
22:39:56.656 [Test worker] DEBUG org.springframework.test.context.support.AbstractDirtiesContextTestExecutionListener - Before test class: context [DefaultTestContext@2f162cc0 testClass = SnsApplicationTests, testInstance = [null], testMethod = [null], testException = [null], mergedContextConfiguration = [WebMergedContextConfiguration@5df417a7 testClass = SnsApplicationTests, locations = '{}', classes = '{class com.ssuspot.sns.SnsApplication}', contextInitializerClasses = '[]', activeProfiles = '{}', propertySourceLocations = '{}', propertySourceProperties = '{org.springframework.boot.test.context.SpringBootTestContextBootstrapper=true}', contextCustomizers = set[org.springframework.boot.test.autoconfigure.actuate.metrics.MetricsExportContextCustomizerFactory$DisableMetricExportContextCustomizer@46944ca9, org.springframework.boot.test.autoconfigure.properties.PropertyMappingContextCustomizer@0, org.springframework.boot.test.autoconfigure.web.servlet.WebDriverContextCustomizerFactory$Customizer@74eb909f, org.springframework.boot.test.context.filter.ExcludeFilterContextCustomizer@4df5bcb4, org.springframework.boot.test.json.DuplicateJsonObjectContextCustomizerFactory$DuplicateJsonObjectContextCustomizer@4d9ac0b4, org.springframework.boot.test.mock.mockito.MockitoContextCustomizer@0, org.springframework.boot.test.web.client.TestRestTemplateContextCustomizer@25bfcafd, org.springframework.boot.test.context.SpringBootTestArgs@1, org.springframework.boot.test.context.SpringBootTestWebEnvironment@1de76cc7], resourceBasePath = 'src/main/webapp', contextLoader = 'org.springframework.boot.test.context.SpringBootContextLoader', parent = [null]], attributes = map['org.springframework.test.context.web.ServletTestExecutionListener.activateListener' -> true]], class annotated with @DirtiesContext [false] with mode [null].

  .   ____          _            __ _ _
 /\\ / ___'_ __ _ _(_)_ __  __ _ \ \ \ \
( ( )\___ | '_ | '_| | '_ \/ _` | \ \ \ \
 \\/  ___)| |_)| | | | | || (_| |  ) ) ) )
  '  |____| .__|_| |_|_| |_\__, | / / / /
 =========|_|==============|___/=/_/_/_/
 :: Spring Boot ::                (v2.7.7)

2023-09-24 22:39:56.936  INFO 25820 --- [    Test worker] com.ssuspot.sns.SnsApplicationTests      : Starting SnsApplicationTests using Java 19.0.2 on julymeltdown with PID 25820 (started by robot in C:\Users\robot\IdeaProjects\SSUspot-back\sns)
2023-09-24 22:39:56.937  INFO 25820 --- [    Test worker] com.ssuspot.sns.SnsApplicationTests      : No active profile set, falling back to 1 default profile: "default"
2023-09-24 22:39:57.826  INFO 25820 --- [    Test worker] .s.d.r.c.RepositoryConfigurationDelegate : Bootstrapping Spring Data JPA repositories in DEFAULT mode.
2023-09-24 22:39:57.899  INFO 25820 --- [    Test worker] .s.d.r.c.RepositoryConfigurationDelegate : Finished Spring Data repository scanning in 65 ms. Found 3 JPA repository interfaces.
2023-09-24 22:39:58.520  INFO 25820 --- [    Test worker] o.hibernate.jpa.internal.util.LogHelper  : HHH000204: Processing PersistenceUnitInfo [name: default]
2023-09-24 22:39:58.604  INFO 25820 --- [    Test worker] org.hibernate.Version                    : HHH000412: Hibernate ORM core version 5.6.14.Final
2023-09-24 22:39:58.738  INFO 25820 --- [    Test worker] o.hibernate.annotations.common.Version   : HCANN000001: Hibernate Commons Annotations {5.1.2.Final}
2023-09-24 22:39:58.762 DEBUG 25820 --- [    Test worker] org.hibernate.type.BasicTypeRegistry     : Adding type registration boolean -> org.hibernate.type.BooleanType@63c99f7
2023-09-24 22:39:58.763 DEBUG 25820 --- [    Test worker] org.hibernate.type.BasicTypeRegistry     : Adding type registration boolean -> org.hibernate.type.BooleanType@63c99f7
2023-09-24 22:39:58.763 DEBUG 25820 --- [    Test worker] org.hibernate.type.BasicTypeRegistry     : Adding type registration java.lang.Boolean -> org.hibernate.type.BooleanType@63c99f7
2023-09-24 22:39:58.763 DEBUG 25820 --- [    Test worker] org.hibernate.type.BasicTypeRegistry     : Adding type registration numeric_boolean -> org.hibernate.type.NumericBooleanType@261275ae
2023-09-24 22:39:58.763 DEBUG 25820 --- [    Test worker] org.hibernate.type.BasicTypeRegistry     : Adding type registration true_false -> org.hibernate.type.TrueFalseType@25b74370
2023-09-24 22:39:58.764 DEBUG 25820 --- [    Test worker] org.hibernate.type.BasicTypeRegistry     : Adding type registration yes_no -> org.hibernate.type.YesNoType@7f5e6833
2023-09-24 22:39:58.764 DEBUG 25820 --- [    Test worker] org.hibernate.type.BasicTypeRegistry     : Adding type registration byte -> org.hibernate.type.ByteType@3e39e0fb
2023-09-24 22:39:58.765 DEBUG 25820 --- [    Test worker] org.hibernate.type.BasicTypeRegistry     : Adding type registration byte -> org.hibernate.type.ByteType@3e39e0fb
2023-09-24 22:39:58.765 DEBUG 25820 --- [    Test worker] org.hibernate.type.BasicTypeRegistry     : Adding type registration java.lang.Byte -> org.hibernate.type.ByteType@3e39e0fb
2023-09-24 22:39:58.765 DEBUG 25820 --- [    Test worker] org.hibernate.type.BasicTypeRegistry     : Adding type registration character -> org.hibernate.type.CharacterType@7f305f34
2023-09-24 22:39:58.765 DEBUG 25820 --- [    Test worker] org.hibernate.type.BasicTypeRegistry     : Adding type registration char -> org.hibernate.type.CharacterType@7f305f34
2023-09-24 22:39:58.765 DEBUG 25820 --- [    Test worker] org.hibernate.type.BasicTypeRegistry     : Adding type registration java.lang.Character -> org.hibernate.type.CharacterType@7f305f34
2023-09-24 22:39:58.766 DEBUG 25820 --- [    Test worker] org.hibernate.type.BasicTypeRegistry     : Adding type registration short -> org.hibernate.type.ShortType@68b3248a
2023-09-24 22:39:58.766 DEBUG 25820 --- [    Test worker] org.hibernate.type.BasicTypeRegistry     : Adding type registration short -> org.hibernate.type.ShortType@68b3248a
2023-09-24 22:39:58.766 DEBUG 25820 --- [    Test worker] org.hibernate.type.BasicTypeRegistry     : Adding type registration java.lang.Short -> org.hibernate.type.ShortType@68b3248a
2023-09-24 22:39:58.767 DEBUG 25820 --- [    Test worker] org.hibernate.type.BasicTypeRegistry     : Adding type registration integer -> org.hibernate.type.IntegerType@134abd78
2023-09-24 22:39:58.767 DEBUG 25820 --- [    Test worker] org.hibernate.type.BasicTypeRegistry     : Adding type registration int -> org.hibernate.type.IntegerType@134abd78
2023-09-24 22:39:58.767 DEBUG 25820 --- [    Test worker] org.hibernate.type.BasicTypeRegistry     : Adding type registration java.lang.Integer -> org.hibernate.type.IntegerType@134abd78
2023-09-24 22:39:58.768 DEBUG 25820 --- [    Test worker] org.hibernate.type.BasicTypeRegistry     : Adding type registration long -> org.hibernate.type.LongType@134d7ffa
2023-09-24 22:39:58.768 DEBUG 25820 --- [    Test worker] org.hibernate.type.BasicTypeRegistry     : Adding type registration long -> org.hibernate.type.LongType@134d7ffa
2023-09-24 22:39:58.768 DEBUG 25820 --- [    Test worker] org.hibernate.type.BasicTypeRegistry     : Adding type registration java.lang.Long -> org.hibernate.type.LongType@134d7ffa
2023-09-24 22:39:58.768 DEBUG 25820 --- [    Test worker] org.hibernate.type.BasicTypeRegistry     : Adding type registration float -> org.hibernate.type.FloatType@1cc708a7
2023-09-24 22:39:58.768 DEBUG 25820 --- [    Test worker] org.hibernate.type.BasicTypeRegistry     : Adding type registration float -> org.hibernate.type.FloatType@1cc708a7
2023-09-24 22:39:58.769 DEBUG 25820 --- [    Test worker] org.hibernate.type.BasicTypeRegistry     : Adding type registration java.lang.Float -> org.hibernate.type.FloatType@1cc708a7
2023-09-24 22:39:58.769 DEBUG 25820 --- [    Test worker] org.hibernate.type.BasicTypeRegistry     : Adding type registration double -> org.hibernate.type.DoubleType@698f4aa
2023-09-24 22:39:58.769 DEBUG 25820 --- [    Test worker] org.hibernate.type.BasicTypeRegistry     : Adding type registration double -> org.hibernate.type.DoubleType@698f4aa
2023-09-24 22:39:58.769 DEBUG 25820 --- [    Test worker] org.hibernate.type.BasicTypeRegistry     : Adding type registration java.lang.Double -> org.hibernate.type.DoubleType@698f4aa
2023-09-24 22:39:58.770 DEBUG 25820 --- [    Test worker] org.hibernate.type.BasicTypeRegistry     : Adding type registration big_decimal -> org.hibernate.type.BigDecimalType@68a426c3
2023-09-24 22:39:58.770 DEBUG 25820 --- [    Test worker] org.hibernate.type.BasicTypeRegistry     : Adding type registration java.math.BigDecimal -> org.hibernate.type.BigDecimalType@68a426c3
2023-09-24 22:39:58.771 DEBUG 25820 --- [    Test worker] org.hibernate.type.BasicTypeRegistry     : Adding type registration big_integer -> org.hibernate.type.BigIntegerType@33215ffb
2023-09-24 22:39:58.771 DEBUG 25820 --- [    Test worker] org.hibernate.type.BasicTypeRegistry     : Adding type registration java.math.BigInteger -> org.hibernate.type.BigIntegerType@33215ffb
2023-09-24 22:39:58.772 DEBUG 25820 --- [    Test worker] org.hibernate.type.BasicTypeRegistry     : Adding type registration string -> org.hibernate.type.StringType@17d2b646
2023-09-24 22:39:58.772 DEBUG 25820 --- [    Test worker] org.hibernate.type.BasicTypeRegistry     : Adding type registration java.lang.String -> org.hibernate.type.StringType@17d2b646
2023-09-24 22:39:58.772 DEBUG 25820 --- [    Test worker] org.hibernate.type.BasicTypeRegistry     : Adding type registration nstring -> org.hibernate.type.StringNVarcharType@6cd2cb2
2023-09-24 22:39:58.772 DEBUG 25820 --- [    Test worker] org.hibernate.type.BasicTypeRegistry     : Adding type registration ncharacter -> org.hibernate.type.CharacterNCharType@12214f2f
2023-09-24 22:39:58.773 DEBUG 25820 --- [    Test worker] org.hibernate.type.BasicTypeRegistry     : Adding type registration url -> org.hibernate.type.UrlType@315b5913
2023-09-24 22:39:58.773 DEBUG 25820 --- [    Test worker] org.hibernate.type.BasicTypeRegistry     : Adding type registration java.net.URL -> org.hibernate.type.UrlType@315b5913
2023-09-24 22:39:58.773 DEBUG 25820 --- [    Test worker] org.hibernate.type.BasicTypeRegistry     : Adding type registration Duration -> org.hibernate.type.DurationType@39374689
2023-09-24 22:39:58.774 DEBUG 25820 --- [    Test worker] org.hibernate.type.BasicTypeRegistry     : Adding type registration java.time.Duration -> org.hibernate.type.DurationType@39374689
2023-09-24 22:39:58.775 DEBUG 25820 --- [    Test worker] org.hibernate.type.BasicTypeRegistry     : Adding type registration Instant -> org.hibernate.type.InstantType@47fa3671
2023-09-24 22:39:58.775 DEBUG 25820 --- [    Test worker] org.hibernate.type.BasicTypeRegistry     : Adding type registration java.time.Instant -> org.hibernate.type.InstantType@47fa3671
2023-09-24 22:39:58.775 DEBUG 25820 --- [    Test worker] org.hibernate.type.BasicTypeRegistry     : Adding type registration LocalDateTime -> org.hibernate.type.LocalDateTimeType@6029f2a4
2023-09-24 22:39:58.776 DEBUG 25820 --- [    Test worker] org.hibernate.type.BasicTypeRegistry     : Adding type registration java.time.LocalDateTime -> org.hibernate.type.LocalDateTimeType@6029f2a4
2023-09-24 22:39:58.776 DEBUG 25820 --- [    Test worker] org.hibernate.type.BasicTypeRegistry     : Adding type registration LocalDate -> org.hibernate.type.LocalDateType@2a4e939a
2023-09-24 22:39:58.776 DEBUG 25820 --- [    Test worker] org.hibernate.type.BasicTypeRegistry     : Adding type registration java.time.LocalDate -> org.hibernate.type.LocalDateType@2a4e939a
2023-09-24 22:39:58.777 DEBUG 25820 --- [    Test worker] org.hibernate.type.BasicTypeRegistry     : Adding type registration LocalTime -> org.hibernate.type.LocalTimeType@65fc8edc
2023-09-24 22:39:58.777 DEBUG 25820 --- [    Test worker] org.hibernate.type.BasicTypeRegistry     : Adding type registration java.time.LocalTime -> org.hibernate.type.LocalTimeType@65fc8edc
2023-09-24 22:39:58.777 DEBUG 25820 --- [    Test worker] org.hibernate.type.BasicTypeRegistry     : Adding type registration OffsetDateTime -> org.hibernate.type.OffsetDateTimeType@1c92a549
2023-09-24 22:39:58.777 DEBUG 25820 --- [    Test worker] org.hibernate.type.BasicTypeRegistry     : Adding type registration java.time.OffsetDateTime -> org.hibernate.type.OffsetDateTimeType@1c92a549
2023-09-24 22:39:58.778 DEBUG 25820 --- [    Test worker] org.hibernate.type.BasicTypeRegistry     : Adding type registration OffsetTime -> org.hibernate.type.OffsetTimeType@5bb97fe7
2023-09-24 22:39:58.778 DEBUG 25820 --- [    Test worker] org.hibernate.type.BasicTypeRegistry     : Adding type registration java.time.OffsetTime -> org.hibernate.type.OffsetTimeType@5bb97fe7
2023-09-24 22:39:58.779 DEBUG 25820 --- [    Test worker] org.hibernate.type.BasicTypeRegistry     : Adding type registration ZonedDateTime -> org.hibernate.type.ZonedDateTimeType@36238b12
2023-09-24 22:39:58.780 DEBUG 25820 --- [    Test worker] org.hibernate.type.BasicTypeRegistry     : Adding type registration java.time.ZonedDateTime -> org.hibernate.type.ZonedDateTimeType@36238b12
2023-09-24 22:39:58.780 DEBUG 25820 --- [    Test worker] org.hibernate.type.BasicTypeRegistry     : Adding type registration date -> org.hibernate.type.DateType@145a821d
2023-09-24 22:39:58.780 DEBUG 25820 --- [    Test worker] org.hibernate.type.BasicTypeRegistry     : Adding type registration java.sql.Date -> org.hibernate.type.DateType@145a821d
2023-09-24 22:39:58.781 DEBUG 25820 --- [    Test worker] org.hibernate.type.BasicTypeRegistry     : Adding type registration time -> org.hibernate.type.TimeType@491893f8
2023-09-24 22:39:58.781 DEBUG 25820 --- [    Test worker] org.hibernate.type.BasicTypeRegistry     : Adding type registration java.sql.Time -> org.hibernate.type.TimeType@491893f8
2023-09-24 22:39:58.782 DEBUG 25820 --- [    Test worker] org.hibernate.type.BasicTypeRegistry     : Adding type registration timestamp -> org.hibernate.type.TimestampType@44a93f8a
2023-09-24 22:39:58.782 DEBUG 25820 --- [    Test worker] org.hibernate.type.BasicTypeRegistry     : Adding type registration java.sql.Timestamp -> org.hibernate.type.TimestampType@44a93f8a
2023-09-24 22:39:58.782 DEBUG 25820 --- [    Test worker] org.hibernate.type.BasicTypeRegistry     : Adding type registration java.util.Date -> org.hibernate.type.TimestampType@44a93f8a
2023-09-24 22:39:58.783 DEBUG 25820 --- [    Test worker] org.hibernate.type.BasicTypeRegistry     : Adding type registration dbtimestamp -> org.hibernate.type.DbTimestampType@1aed6f0b
2023-09-24 22:39:58.784 DEBUG 25820 --- [    Test worker] org.hibernate.type.BasicTypeRegistry     : Adding type registration calendar -> org.hibernate.type.CalendarType@13a268cd
2023-09-24 22:39:58.784 DEBUG 25820 --- [    Test worker] org.hibernate.type.BasicTypeRegistry     : Adding type registration java.util.Calendar -> org.hibernate.type.CalendarType@13a268cd
2023-09-24 22:39:58.784 DEBUG 25820 --- [    Test worker] org.hibernate.type.BasicTypeRegistry     : Adding type registration java.util.GregorianCalendar -> org.hibernate.type.CalendarType@13a268cd
2023-09-24 22:39:58.784 DEBUG 25820 --- [    Test worker] org.hibernate.type.BasicTypeRegistry     : Adding type registration calendar_date -> org.hibernate.type.CalendarDateType@5fa0141f
2023-09-24 22:39:58.785 DEBUG 25820 --- [    Test worker] org.hibernate.type.BasicTypeRegistry     : Adding type registration calendar_time -> org.hibernate.type.CalendarTimeType@4dd1d2bb
2023-09-24 22:39:58.785 DEBUG 25820 --- [    Test worker] org.hibernate.type.BasicTypeRegistry     : Adding type registration locale -> org.hibernate.type.LocaleType@606b53a3
2023-09-24 22:39:58.785 DEBUG 25820 --- [    Test worker] org.hibernate.type.BasicTypeRegistry     : Adding type registration java.util.Locale -> org.hibernate.type.LocaleType@606b53a3
2023-09-24 22:39:58.786 DEBUG 25820 --- [    Test worker] org.hibernate.type.BasicTypeRegistry     : Adding type registration currency -> org.hibernate.type.CurrencyType@1846ad0f
2023-09-24 22:39:58.786 DEBUG 25820 --- [    Test worker] org.hibernate.type.BasicTypeRegistry     : Adding type registration java.util.Currency -> org.hibernate.type.CurrencyType@1846ad0f
2023-09-24 22:39:58.787 DEBUG 25820 --- [    Test worker] org.hibernate.type.BasicTypeRegistry     : Adding type registration timezone -> org.hibernate.type.TimeZoneType@75d97e18
2023-09-24 22:39:58.787 DEBUG 25820 --- [    Test worker] org.hibernate.type.BasicTypeRegistry     : Adding type registration java.util.TimeZone -> org.hibernate.type.TimeZoneType@75d97e18
2023-09-24 22:39:58.787 DEBUG 25820 --- [    Test worker] org.hibernate.type.BasicTypeRegistry     : Adding type registration class -> org.hibernate.type.ClassType@44aed6a4
2023-09-24 22:39:58.787 DEBUG 25820 --- [    Test worker] org.hibernate.type.BasicTypeRegistry     : Adding type registration java.lang.Class -> org.hibernate.type.ClassType@44aed6a4
2023-09-24 22:39:58.788 DEBUG 25820 --- [    Test worker] org.hibernate.type.BasicTypeRegistry     : Adding type registration uuid-binary -> org.hibernate.type.UUIDBinaryType@a84338a
2023-09-24 22:39:58.788 DEBUG 25820 --- [    Test worker] org.hibernate.type.BasicTypeRegistry     : Adding type registration java.util.UUID -> org.hibernate.type.UUIDBinaryType@a84338a
2023-09-24 22:39:58.788 DEBUG 25820 --- [    Test worker] org.hibernate.type.BasicTypeRegistry     : Adding type registration uuid-char -> org.hibernate.type.UUIDCharType@5f3f3d00
2023-09-24 22:39:58.789 DEBUG 25820 --- [    Test worker] org.hibernate.type.BasicTypeRegistry     : Adding type registration binary -> org.hibernate.type.BinaryType@483b7dc4
2023-09-24 22:39:58.789 DEBUG 25820 --- [    Test worker] org.hibernate.type.BasicTypeRegistry     : Adding type registration byte[] -> org.hibernate.type.BinaryType@483b7dc4
2023-09-24 22:39:58.789 DEBUG 25820 --- [    Test worker] org.hibernate.type.BasicTypeRegistry     : Adding type registration [B -> org.hibernate.type.BinaryType@483b7dc4
2023-09-24 22:39:58.790 DEBUG 25820 --- [    Test worker] org.hibernate.type.BasicTypeRegistry     : Adding type registration wrapper-binary -> org.hibernate.type.WrapperBinaryType@5871a482
2023-09-24 22:39:58.790 DEBUG 25820 --- [    Test worker] org.hibernate.type.BasicTypeRegistry     : Adding type registration Byte[] -> org.hibernate.type.WrapperBinaryType@5871a482
2023-09-24 22:39:58.790 DEBUG 25820 --- [    Test worker] org.hibernate.type.BasicTypeRegistry     : Adding type registration [Ljava.lang.Byte; -> org.hibernate.type.WrapperBinaryType@5871a482
2023-09-24 22:39:58.791 DEBUG 25820 --- [    Test worker] org.hibernate.type.BasicTypeRegistry     : Adding type registration row_version -> org.hibernate.type.RowVersionType@7ce30c0b
2023-09-24 22:39:58.791 DEBUG 25820 --- [    Test worker] org.hibernate.type.BasicTypeRegistry     : Adding type registration image -> org.hibernate.type.ImageType@377dbc50
2023-09-24 22:39:58.791 DEBUG 25820 --- [    Test worker] org.hibernate.type.BasicTypeRegistry     : Adding type registration characters -> org.hibernate.type.CharArrayType@31f7eb8
2023-09-24 22:39:58.791 DEBUG 25820 --- [    Test worker] org.hibernate.type.BasicTypeRegistry     : Adding type registration char[] -> org.hibernate.type.CharArrayType@31f7eb8
2023-09-24 22:39:58.792 DEBUG 25820 --- [    Test worker] org.hibernate.type.BasicTypeRegistry     : Adding type registration [C -> org.hibernate.type.CharArrayType@31f7eb8
2023-09-24 22:39:58.792 DEBUG 25820 --- [    Test worker] org.hibernate.type.BasicTypeRegistry     : Adding type registration wrapper-characters -> org.hibernate.type.CharacterArrayType@6f8ac8d5
2023-09-24 22:39:58.792 DEBUG 25820 --- [    Test worker] org.hibernate.type.BasicTypeRegistry     : Adding type registration [Ljava.lang.Character; -> org.hibernate.type.CharacterArrayType@6f8ac8d5
2023-09-24 22:39:58.792 DEBUG 25820 --- [    Test worker] org.hibernate.type.BasicTypeRegistry     : Adding type registration Character[] -> org.hibernate.type.CharacterArrayType@6f8ac8d5
2023-09-24 22:39:58.793 DEBUG 25820 --- [    Test worker] org.hibernate.type.BasicTypeRegistry     : Adding type registration text -> org.hibernate.type.TextType@38a38ed4
2023-09-24 22:39:58.793 DEBUG 25820 --- [    Test worker] org.hibernate.type.BasicTypeRegistry     : Adding type registration ntext -> org.hibernate.type.NTextType@6fced25c
2023-09-24 22:39:58.794 DEBUG 25820 --- [    Test worker] org.hibernate.type.BasicTypeRegistry     : Adding type registration blob -> org.hibernate.type.BlobType@31693a86
2023-09-24 22:39:58.795 DEBUG 25820 --- [    Test worker] org.hibernate.type.BasicTypeRegistry     : Adding type registration java.sql.Blob -> org.hibernate.type.BlobType@31693a86
2023-09-24 22:39:58.795 DEBUG 25820 --- [    Test worker] org.hibernate.type.BasicTypeRegistry     : Adding type registration materialized_blob -> org.hibernate.type.MaterializedBlobType@43755e2f
2023-09-24 22:39:58.796 DEBUG 25820 --- [    Test worker] org.hibernate.type.BasicTypeRegistry     : Adding type registration clob -> org.hibernate.type.ClobType@7c5c20ed
2023-09-24 22:39:58.796 DEBUG 25820 --- [    Test worker] org.hibernate.type.BasicTypeRegistry     : Adding type registration java.sql.Clob -> org.hibernate.type.ClobType@7c5c20ed
2023-09-24 22:39:58.797 DEBUG 25820 --- [    Test worker] org.hibernate.type.BasicTypeRegistry     : Adding type registration nclob -> org.hibernate.type.NClobType@4813d0
2023-09-24 22:39:58.797 DEBUG 25820 --- [    Test worker] org.hibernate.type.BasicTypeRegistry     : Adding type registration java.sql.NClob -> org.hibernate.type.NClobType@4813d0
2023-09-24 22:39:58.797 DEBUG 25820 --- [    Test worker] org.hibernate.type.BasicTypeRegistry     : Adding type registration materialized_clob -> org.hibernate.type.MaterializedClobType@504b8705
2023-09-24 22:39:58.797 DEBUG 25820 --- [    Test worker] org.hibernate.type.BasicTypeRegistry     : Adding type registration materialized_nclob -> org.hibernate.type.MaterializedNClobType@6501b105
2023-09-24 22:39:58.798 DEBUG 25820 --- [    Test worker] org.hibernate.type.BasicTypeRegistry     : Adding type registration serializable -> org.hibernate.type.SerializableType@3d798e76
2023-09-24 22:39:58.800 DEBUG 25820 --- [    Test worker] org.hibernate.type.BasicTypeRegistry     : Adding type registration object -> org.hibernate.type.ObjectType@580c17a0
2023-09-24 22:39:58.800 DEBUG 25820 --- [    Test worker] org.hibernate.type.BasicTypeRegistry     : Adding type registration java.lang.Object -> org.hibernate.type.ObjectType@580c17a0
2023-09-24 22:39:58.800 DEBUG 25820 --- [    Test worker] org.hibernate.type.BasicTypeRegistry     : Adding type registration imm_date -> org.hibernate.type.AdaptedImmutableType@2bc0b8c8
2023-09-24 22:39:58.801 DEBUG 25820 --- [    Test worker] org.hibernate.type.BasicTypeRegistry     : Adding type registration imm_time -> org.hibernate.type.AdaptedImmutableType@15f861ee
2023-09-24 22:39:58.801 DEBUG 25820 --- [    Test worker] org.hibernate.type.BasicTypeRegistry     : Adding type registration imm_timestamp -> org.hibernate.type.AdaptedImmutableType@3f1158ee
2023-09-24 22:39:58.801 DEBUG 25820 --- [    Test worker] org.hibernate.type.BasicTypeRegistry     : Adding type registration imm_dbtimestamp -> org.hibernate.type.AdaptedImmutableType@6463da36
2023-09-24 22:39:58.801 DEBUG 25820 --- [    Test worker] org.hibernate.type.BasicTypeRegistry     : Adding type registration imm_calendar -> org.hibernate.type.AdaptedImmutableType@4a4b288a
2023-09-24 22:39:58.801 DEBUG 25820 --- [    Test worker] org.hibernate.type.BasicTypeRegistry     : Adding type registration imm_calendar_date -> org.hibernate.type.AdaptedImmutableType@1c6ac73c
2023-09-24 22:39:58.801 DEBUG 25820 --- [    Test worker] org.hibernate.type.BasicTypeRegistry     : Adding type registration imm_binary -> org.hibernate.type.AdaptedImmutableType@29892a77
2023-09-24 22:39:58.801 DEBUG 25820 --- [    Test worker] org.hibernate.type.BasicTypeRegistry     : Adding type registration imm_serializable -> org.hibernate.type.AdaptedImmutableType@5341e71a
2023-09-24 22:39:58.833  INFO 25820 --- [    Test worker] com.zaxxer.hikari.HikariDataSource       : HikariPool-1 - Starting...
2023-09-24 22:39:58.897  INFO 25820 --- [    Test worker] com.zaxxer.hikari.HikariDataSource       : HikariPool-1 - Start completed.
2023-09-24 22:39:58.911  INFO 25820 --- [    Test worker] org.hibernate.dialect.Dialect            : HHH000400: Using dialect: org.hibernate.dialect.PostgreSQLDialect
2023-09-24 22:39:58.934 DEBUG 25820 --- [    Test worker] org.hibernate.type.BasicTypeRegistry     : Adding type registration pg-uuid -> org.hibernate.type.PostgresUUIDType@cf08c97
2023-09-24 22:39:58.934 DEBUG 25820 --- [    Test worker] org.hibernate.type.BasicTypeRegistry     : Adding type registration java.util.UUID -> org.hibernate.type.PostgresUUIDType@cf08c97
2023-09-24 22:39:58.934 DEBUG 25820 --- [    Test worker] org.hibernate.type.BasicTypeRegistry     : HHH000270: Type registration [java.util.UUID] overrides previous : org.hibernate.type.UUIDBinaryType@a84338a
2023-09-24 22:39:58.936 DEBUG 25820 --- [    Test worker] o.h.type.spi.TypeConfiguration$Scope     : Scoping TypeConfiguration [org.hibernate.type.spi.TypeConfiguration@389008d1] to MetadataBuildingContext [org.hibernate.boot.internal.MetadataBuildingContextRootImpl@718f3088]
2023-09-24 22:39:59.181 DEBUG 25820 --- [    Test worker] o.h.type.spi.TypeConfiguration$Scope     : Scoping TypeConfiguration [org.hibernate.type.spi.TypeConfiguration@389008d1] to SessionFactoryImpl [org.hibernate.internal.SessionFactoryImpl@4e357792]
2023-09-24 22:39:59.316 DEBUG 25820 --- [    Test worker] org.hibernate.SQL                        : 
    
    alter table comment_likes 
       drop constraint FK3wa5u7bs1p1o9hmavtgdgk1go
Hibernate: 
    
    alter table comment_likes 
       drop constraint FK3wa5u7bs1p1o9hmavtgdgk1go
2023-09-24 22:39:59.320 DEBUG 25820 --- [    Test worker] org.hibernate.SQL                        : 
    
    alter table comment_likes 
       drop constraint FK6h3lbneryl5pyb9ykaju7werx
Hibernate: 
    
    alter table comment_likes 
       drop constraint FK6h3lbneryl5pyb9ykaju7werx
2023-09-24 22:39:59.322 DEBUG 25820 --- [    Test worker] org.hibernate.SQL                        : 
    
    alter table comments 
       drop constraint FKh4c7lvsc298whoyd4w9ta25cr
Hibernate: 
    
    alter table comments 
       drop constraint FKh4c7lvsc298whoyd4w9ta25cr
2023-09-24 22:39:59.323 DEBUG 25820 --- [    Test worker] org.hibernate.SQL                        : 
    
    alter table comments 
       drop constraint FK8omq0tc18jd43bu5tjh6jvraq
Hibernate: 
    
    alter table comments 
       drop constraint FK8omq0tc18jd43bu5tjh6jvraq
2023-09-24 22:39:59.325 DEBUG 25820 --- [    Test worker] org.hibernate.SQL                        : 
    
    alter table post_image_urls 
       drop constraint FKi092hc01bm5mp5cig1uas74x1
Hibernate: 
    
    alter table post_image_urls 
       drop constraint FKi092hc01bm5mp5cig1uas74x1
2023-09-24 22:39:59.326 DEBUG 25820 --- [    Test worker] org.hibernate.SQL                        : 
    
    alter table post_likes 
       drop constraint FKa5wxsgl4doibhbed9gm7ikie2
Hibernate: 
    
    alter table post_likes 
       drop constraint FKa5wxsgl4doibhbed9gm7ikie2
2023-09-24 22:39:59.328 DEBUG 25820 --- [    Test worker] org.hibernate.SQL                        : 
    
    alter table post_likes 
       drop constraint FKkgau5n0nlewg6o9lr4yibqgxj
Hibernate: 
    
    alter table post_likes 
       drop constraint FKkgau5n0nlewg6o9lr4yibqgxj
2023-09-24 22:39:59.330 DEBUG 25820 --- [    Test worker] org.hibernate.SQL                        : 
    
    alter table post_tags 
       drop constraint FKkifam22p4s1nm3bkmp1igcn5w
Hibernate: 
    
    alter table post_tags 
       drop constraint FKkifam22p4s1nm3bkmp1igcn5w
2023-09-24 22:39:59.332 DEBUG 25820 --- [    Test worker] org.hibernate.SQL                        : 
    
    alter table post_tags 
       drop constraint FKm6cfovkyqvu5rlm6ahdx3eavj
Hibernate: 
    
    alter table post_tags 
       drop constraint FKm6cfovkyqvu5rlm6ahdx3eavj
2023-09-24 22:39:59.333 DEBUG 25820 --- [    Test worker] org.hibernate.SQL                        : 
    
    alter table posts 
       drop constraint FKpgcqscfkxkgnsqapospt16ng5
Hibernate: 
    
    alter table posts 
       drop constraint FKpgcqscfkxkgnsqapospt16ng5
2023-09-24 22:39:59.335 DEBUG 25820 --- [    Test worker] org.hibernate.SQL                        : 
    
    alter table posts 
       drop constraint FK5lidm6cqbc7u4xhqpxm898qme
Hibernate: 
    
    alter table posts 
       drop constraint FK5lidm6cqbc7u4xhqpxm898qme
2023-09-24 22:39:59.337 DEBUG 25820 --- [    Test worker] org.hibernate.SQL                        : 
    
    alter table spot_likes 
       drop constraint FKjrp62eqshi4fg1fnwxfp8l54u
Hibernate: 
    
    alter table spot_likes 
       drop constraint FKjrp62eqshi4fg1fnwxfp8l54u
2023-09-24 22:39:59.338 DEBUG 25820 --- [    Test worker] org.hibernate.SQL                        : 
    
    alter table spot_likes 
       drop constraint FKe1hbnuq65xokuoc03jipj0mn6
Hibernate: 
    
    alter table spot_likes 
       drop constraint FKe1hbnuq65xokuoc03jipj0mn6
2023-09-24 22:39:59.340 DEBUG 25820 --- [    Test worker] org.hibernate.SQL                        : 
    
    alter table user_follows 
       drop constraint FKo7hxu401o43w6x81lxvnlixjn
Hibernate: 
    
    alter table user_follows 
       drop constraint FKo7hxu401o43w6x81lxvnlixjn
2023-09-24 22:39:59.341 DEBUG 25820 --- [    Test worker] org.hibernate.SQL                        : 
    
    alter table user_follows 
       drop constraint FKqx9mu1fniaua5jfe1cdyspxdt
Hibernate: 
    
    alter table user_follows 
       drop constraint FKqx9mu1fniaua5jfe1cdyspxdt
2023-09-24 22:39:59.343 DEBUG 25820 --- [    Test worker] org.hibernate.SQL                        : 
    
    drop table if exists comment_likes cascade
Hibernate: 
    
    drop table if exists comment_likes cascade
2023-09-24 22:39:59.346 DEBUG 25820 --- [    Test worker] org.hibernate.SQL                        : 
    
    drop table if exists comments cascade
Hibernate: 
    
    drop table if exists comments cascade
2023-09-24 22:39:59.347 DEBUG 25820 --- [    Test worker] org.hibernate.SQL                        : 
    
    drop table if exists notifications cascade
Hibernate: 
    
    drop table if exists notifications cascade
2023-09-24 22:39:59.350 DEBUG 25820 --- [    Test worker] org.hibernate.SQL                        : 
    
    drop table if exists post_image_urls cascade
Hibernate: 
    
    drop table if exists post_image_urls cascade
2023-09-24 22:39:59.351 DEBUG 25820 --- [    Test worker] org.hibernate.SQL                        : 
    
    drop table if exists post_likes cascade
Hibernate: 
    
    drop table if exists post_likes cascade
2023-09-24 22:39:59.353 DEBUG 25820 --- [    Test worker] org.hibernate.SQL                        : 
    
    drop table if exists post_tags cascade
Hibernate: 
    
    drop table if exists post_tags cascade
2023-09-24 22:39:59.355 DEBUG 25820 --- [    Test worker] org.hibernate.SQL                        : 
    
    drop table if exists posts cascade
Hibernate: 
    
    drop table if exists posts cascade
2023-09-24 22:39:59.357 DEBUG 25820 --- [    Test worker] org.hibernate.SQL                        : 
    
    drop table if exists spot_likes cascade
Hibernate: 
    
    drop table if exists spot_likes cascade
2023-09-24 22:39:59.359 DEBUG 25820 --- [    Test worker] org.hibernate.SQL                        : 
    
    drop table if exists spots cascade
Hibernate: 
    
    drop table if exists spots cascade
2023-09-24 22:39:59.361 DEBUG 25820 --- [    Test worker] org.hibernate.SQL                        : 
    
    drop table if exists tags cascade
Hibernate: 
    
    drop table if exists tags cascade
2023-09-24 22:39:59.363 DEBUG 25820 --- [    Test worker] org.hibernate.SQL                        : 
    
    drop table if exists user_follows cascade
Hibernate: 
    
    drop table if exists user_follows cascade
2023-09-24 22:39:59.365 DEBUG 25820 --- [    Test worker] org.hibernate.SQL                        : 
    
    drop table if exists users cascade
Hibernate: 
    
    drop table if exists users cascade
2023-09-24 22:39:59.370 DEBUG 25820 --- [    Test worker] org.hibernate.SQL                        : 
    
    create table comment_likes (
       id  bigserial not null,
        comment_id int8,
        user_id int8,
        primary key (id)
    )
Hibernate: 
    
    create table comment_likes (
       id  bigserial not null,
        comment_id int8,
        user_id int8,
        primary key (id)
    )
2023-09-24 22:39:59.375 DEBUG 25820 --- [    Test worker] org.hibernate.SQL                        : 
    
    create table comments (
       id  bigserial not null,
        created_at int8,
        updated_at int8,
        content oid,
        post_id int8,
        user_id int8,
        primary key (id)
    )
Hibernate: 
    
    create table comments (
       id  bigserial not null,
        created_at int8,
        updated_at int8,
        content oid,
        post_id int8,
        user_id int8,
        primary key (id)
    )
2023-09-24 22:39:59.379 DEBUG 25820 --- [    Test worker] org.hibernate.SQL                        : 
    
    create table notifications (
       id  bigserial not null,
        created_at int8,
        updated_at int8,
        checked boolean,
        link varchar(255),
        message varchar(255),
        title varchar(255),
        primary key (id)
    )
Hibernate: 
    
    create table notifications (
       id  bigserial not null,
        created_at int8,
        updated_at int8,
        checked boolean,
        link varchar(255),
        message varchar(255),
        title varchar(255),
        primary key (id)
    )
2023-09-24 22:39:59.384 DEBUG 25820 --- [    Test worker] org.hibernate.SQL                        : 
    
    create table post_image_urls (
       post_id int8 not null,
        image_urls varchar(255)
    )
Hibernate: 
    
    create table post_image_urls (
       post_id int8 not null,
        image_urls varchar(255)
    )
2023-09-24 22:39:59.386 DEBUG 25820 --- [    Test worker] org.hibernate.SQL                        : 
    
    create table post_likes (
       id  bigserial not null,
        created_at int8,
        updated_at int8,
        post_id int8,
        user_id int8,
        primary key (id)
    )
Hibernate: 
    
    create table post_likes (
       id  bigserial not null,
        created_at int8,
        updated_at int8,
        post_id int8,
        user_id int8,
        primary key (id)
    )
2023-09-24 22:39:59.389 DEBUG 25820 --- [    Test worker] org.hibernate.SQL                        : 
    
    create table post_tags (
       id  bigserial not null,
        post_id int8,
        tag_id int8,
        primary key (id)
    )
Hibernate: 
    
    create table post_tags (
       id  bigserial not null,
        post_id int8,
        tag_id int8,
        primary key (id)
    )
2023-09-24 22:39:59.392 DEBUG 25820 --- [    Test worker] org.hibernate.SQL                        : 
    
    create table posts (
       id  bigserial not null,
        created_at int8,
        updated_at int8,
        content oid,
        like_count int8,
        title varchar(255),
        view_count int8,
        spot_id int8,
        user_id int8,
        primary key (id)
    )
Hibernate: 
    
    create table posts (
       id  bigserial not null,
        created_at int8,
        updated_at int8,
        content oid,
        like_count int8,
        title varchar(255),
        view_count int8,
        spot_id int8,
        user_id int8,
        primary key (id)
    )
2023-09-24 22:39:59.396 DEBUG 25820 --- [    Test worker] org.hibernate.SQL                        : 
    
    create table spot_likes (
       id  bigserial not null,
        created_at int8,
        updated_at int8,
        spot_id int8,
        user_id int8,
        primary key (id)
    )
Hibernate: 
    
    create table spot_likes (
       id  bigserial not null,
        created_at int8,
        updated_at int8,
        spot_id int8,
        user_id int8,
        primary key (id)
    )
2023-09-24 22:39:59.400 DEBUG 25820 --- [    Test worker] org.hibernate.SQL                        : 
    
    create table spots (
       id  bigserial not null,
        latitude float8,
        longitude float8,
        spot_level int4,
        spot_name varchar(255),
        spot_thumbnail_image_link varchar(255),
        primary key (id)
    )
Hibernate: 
    
    create table spots (
       id  bigserial not null,
        latitude float8,
        longitude float8,
        spot_level int4,
        spot_name varchar(255),
        spot_thumbnail_image_link varchar(255),
        primary key (id)
    )
2023-09-24 22:39:59.405 DEBUG 25820 --- [    Test worker] org.hibernate.SQL                        : 
    
    create table tags (
       id  bigserial not null,
        tag_name varchar(255),
        primary key (id)
    )
Hibernate: 
    
    create table tags (
       id  bigserial not null,
        tag_name varchar(255),
        primary key (id)
    )
2023-09-24 22:39:59.409 DEBUG 25820 --- [    Test worker] org.hibernate.SQL                        : 
    
    create table user_follows (
       id  bigserial not null,
        followee_id int8,
        follower_id int8,
        primary key (id)
    )
Hibernate: 
    
    create table user_follows (
       id  bigserial not null,
        followee_id int8,
        follower_id int8,
        primary key (id)
    )
2023-09-24 22:39:59.413 DEBUG 25820 --- [    Test worker] org.hibernate.SQL                        : 
    
    create table users (
       id  bigserial not null,
        created_at int8,
        updated_at int8,
        email varchar(64) not null,
        nickname varchar(64) not null,
        password varchar(255) not null,
        profile_image_link varchar(255),
        profile_message varchar(255),
        user_name varchar(64) not null,
        primary key (id)
    )
Hibernate: 
    
    create table users (
       id  bigserial not null,
        created_at int8,
        updated_at int8,
        email varchar(64) not null,
        nickname varchar(64) not null,
        password varchar(255) not null,
        profile_image_link varchar(255),
        profile_message varchar(255),
        user_name varchar(64) not null,
        primary key (id)
    )
2023-09-24 22:39:59.419 DEBUG 25820 --- [    Test worker] org.hibernate.SQL                        : create index user_name_index on users (user_name)
Hibernate: create index user_name_index on users (user_name)
2023-09-24 22:39:59.422 DEBUG 25820 --- [    Test worker] org.hibernate.SQL                        : create index email_index on users (email)
Hibernate: create index email_index on users (email)
2023-09-24 22:39:59.424 DEBUG 25820 --- [    Test worker] org.hibernate.SQL                        : create index nickname_index on users (nickname)
Hibernate: create index nickname_index on users (nickname)
2023-09-24 22:39:59.427 DEBUG 25820 --- [    Test worker] org.hibernate.SQL                        : 
    
    alter table users 
       add constraint nickname_unique unique (nickname)
Hibernate: 
    
    alter table users 
       add constraint nickname_unique unique (nickname)
2023-09-24 22:39:59.430 DEBUG 25820 --- [    Test worker] org.hibernate.SQL                        : 
    
    alter table users 
       add constraint UK_6dotkott2kjsp8vw4d0m25fb7 unique (email)
Hibernate: 
    
    alter table users 
       add constraint UK_6dotkott2kjsp8vw4d0m25fb7 unique (email)
2023-09-24 22:39:59.432 DEBUG 25820 --- [    Test worker] org.hibernate.SQL                        : 
    
    alter table users 
       add constraint UK_k8d0f2n7n88w1a16yhua64onx unique (user_name)
Hibernate: 
    
    alter table users 
       add constraint UK_k8d0f2n7n88w1a16yhua64onx unique (user_name)
2023-09-24 22:39:59.435 DEBUG 25820 --- [    Test worker] org.hibernate.SQL                        : 
    
    alter table comment_likes 
       add constraint FK3wa5u7bs1p1o9hmavtgdgk1go 
       foreign key (comment_id) 
       references comments
Hibernate: 
    
    alter table comment_likes 
       add constraint FK3wa5u7bs1p1o9hmavtgdgk1go 
       foreign key (comment_id) 
       references comments
2023-09-24 22:39:59.437 DEBUG 25820 --- [    Test worker] org.hibernate.SQL                        : 
    
    alter table comment_likes 
       add constraint FK6h3lbneryl5pyb9ykaju7werx 
       foreign key (user_id) 
       references users
Hibernate: 
    
    alter table comment_likes 
       add constraint FK6h3lbneryl5pyb9ykaju7werx 
       foreign key (user_id) 
       references users
2023-09-24 22:39:59.439 DEBUG 25820 --- [    Test worker] org.hibernate.SQL                        : 
    
    alter table comments 
       add constraint FKh4c7lvsc298whoyd4w9ta25cr 
       foreign key (post_id) 
       references posts
Hibernate: 
    
    alter table comments 
       add constraint FKh4c7lvsc298whoyd4w9ta25cr 
       foreign key (post_id) 
       references posts
2023-09-24 22:39:59.441 DEBUG 25820 --- [    Test worker] org.hibernate.SQL                        : 
    
    alter table comments 
       add constraint FK8omq0tc18jd43bu5tjh6jvraq 
       foreign key (user_id) 
       references users
Hibernate: 
    
    alter table comments 
       add constraint FK8omq0tc18jd43bu5tjh6jvraq 
       foreign key (user_id) 
       references users
2023-09-24 22:39:59.443 DEBUG 25820 --- [    Test worker] org.hibernate.SQL                        : 
    
    alter table post_image_urls 
       add constraint FKi092hc01bm5mp5cig1uas74x1 
       foreign key (post_id) 
       references posts
Hibernate: 
    
    alter table post_image_urls 
       add constraint FKi092hc01bm5mp5cig1uas74x1 
       foreign key (post_id) 
       references posts
2023-09-24 22:39:59.444 DEBUG 25820 --- [    Test worker] org.hibernate.SQL                        : 
    
    alter table post_likes 
       add constraint FKa5wxsgl4doibhbed9gm7ikie2 
       foreign key (post_id) 
       references posts
Hibernate: 
    
    alter table post_likes 
       add constraint FKa5wxsgl4doibhbed9gm7ikie2 
       foreign key (post_id) 
       references posts
2023-09-24 22:39:59.446 DEBUG 25820 --- [    Test worker] org.hibernate.SQL                        : 
    
    alter table post_likes 
       add constraint FKkgau5n0nlewg6o9lr4yibqgxj 
       foreign key (user_id) 
       references users
Hibernate: 
    
    alter table post_likes 
       add constraint FKkgau5n0nlewg6o9lr4yibqgxj 
       foreign key (user_id) 
       references users
2023-09-24 22:39:59.447 DEBUG 25820 --- [    Test worker] org.hibernate.SQL                        : 
    
    alter table post_tags 
       add constraint FKkifam22p4s1nm3bkmp1igcn5w 
       foreign key (post_id) 
       references posts
Hibernate: 
    
    alter table post_tags 
       add constraint FKkifam22p4s1nm3bkmp1igcn5w 
       foreign key (post_id) 
       references posts
2023-09-24 22:39:59.449 DEBUG 25820 --- [    Test worker] org.hibernate.SQL                        : 
    
    alter table post_tags 
       add constraint FKm6cfovkyqvu5rlm6ahdx3eavj 
       foreign key (tag_id) 
       references tags
Hibernate: 
    
    alter table post_tags 
       add constraint FKm6cfovkyqvu5rlm6ahdx3eavj 
       foreign key (tag_id) 
       references tags
2023-09-24 22:39:59.451 DEBUG 25820 --- [    Test worker] org.hibernate.SQL                        : 
    
    alter table posts 
       add constraint FKpgcqscfkxkgnsqapospt16ng5 
       foreign key (spot_id) 
       references spots
Hibernate: 
    
    alter table posts 
       add constraint FKpgcqscfkxkgnsqapospt16ng5 
       foreign key (spot_id) 
       references spots
2023-09-24 22:39:59.453 DEBUG 25820 --- [    Test worker] org.hibernate.SQL                        : 
    
    alter table posts 
       add constraint FK5lidm6cqbc7u4xhqpxm898qme 
       foreign key (user_id) 
       references users
Hibernate: 
    
    alter table posts 
       add constraint FK5lidm6cqbc7u4xhqpxm898qme 
       foreign key (user_id) 
       references users
2023-09-24 22:39:59.454 DEBUG 25820 --- [    Test worker] org.hibernate.SQL                        : 
    
    alter table spot_likes 
       add constraint FKjrp62eqshi4fg1fnwxfp8l54u 
       foreign key (spot_id) 
       references spots
Hibernate: 
    
    alter table spot_likes 
       add constraint FKjrp62eqshi4fg1fnwxfp8l54u 
       foreign key (spot_id) 
       references spots
2023-09-24 22:39:59.456 DEBUG 25820 --- [    Test worker] org.hibernate.SQL                        : 
    
    alter table spot_likes 
       add constraint FKe1hbnuq65xokuoc03jipj0mn6 
       foreign key (user_id) 
       references users
Hibernate: 
    
    alter table spot_likes 
       add constraint FKe1hbnuq65xokuoc03jipj0mn6 
       foreign key (user_id) 
       references users
2023-09-24 22:39:59.458 DEBUG 25820 --- [    Test worker] org.hibernate.SQL                        : 
    
    alter table user_follows 
       add constraint FKo7hxu401o43w6x81lxvnlixjn 
       foreign key (followee_id) 
       references users
Hibernate: 
    
    alter table user_follows 
       add constraint FKo7hxu401o43w6x81lxvnlixjn 
       foreign key (followee_id) 
       references users
2023-09-24 22:39:59.460 DEBUG 25820 --- [    Test worker] org.hibernate.SQL                        : 
    
    alter table user_follows 
       add constraint FKqx9mu1fniaua5jfe1cdyspxdt 
       foreign key (follower_id) 
       references users
Hibernate: 
    
    alter table user_follows 
       add constraint FKqx9mu1fniaua5jfe1cdyspxdt 
       foreign key (follower_id) 
       references users
2023-09-24 22:39:59.462  INFO 25820 --- [    Test worker] o.h.e.t.j.p.i.JtaPlatformInitiator       : HHH000490: Using JtaPlatform implementation: [org.hibernate.engine.transaction.jta.platform.internal.NoJtaPlatform]
2023-09-24 22:39:59.468 TRACE 25820 --- [    Test worker] o.h.type.spi.TypeConfiguration$Scope     : Handling #sessionFactoryCreated from [org.hibernate.internal.SessionFactoryImpl@4e357792] for TypeConfiguration
2023-09-24 22:39:59.469  INFO 25820 --- [    Test worker] j.LocalContainerEntityManagerFactoryBean : Initialized JPA EntityManagerFactory for persistence unit 'default'
2023-09-24 22:40:00.297  WARN 25820 --- [    Test worker] .s.s.UserDetailsServiceAutoConfiguration : 

Using generated security password: 1ded767a-7909-4ea2-b738-e4782ba14749

This generated password is for development use only. Your security configuration must be updated before running your application in production.

2023-09-24 22:40:00.446  WARN 25820 --- [    Test worker] JpaBaseConfiguration$JpaWebConfiguration : spring.jpa.open-in-view is enabled by default. Therefore, database queries may be performed during view rendering. Explicitly configure spring.jpa.open-in-view to disable this warning
2023-09-24 22:40:00.731  INFO 25820 --- [    Test worker] o.s.s.web.DefaultSecurityFilterChain     : Will secure any request with [org.springframework.security.web.session.DisableEncodeUrlFilter@34893693, org.springframework.security.web.context.request.async.WebAsyncManagerIntegrationFilter@6408a8ac, org.springframework.security.web.context.SecurityContextPersistenceFilter@563bd6a4, org.springframework.security.web.header.HeaderWriterFilter@639bf405, org.springframework.web.filter.CorsFilter@2f70d78c, org.springframework.security.web.authentication.logout.LogoutFilter@3e3a07ab, com.ssuspot.sns.infrastructure.security.JwtAuthenticationFilter@456c53a, org.springframework.security.web.savedrequest.RequestCacheAwareFilter@74070994, org.springframework.security.web.servletapi.SecurityContextHolderAwareRequestFilter@7307ae6, org.springframework.security.web.authentication.AnonymousAuthenticationFilter@7916568d, org.springframework.security.web.session.SessionManagementFilter@4babe06f, org.springframework.security.web.access.ExceptionTranslationFilter@6bd8c398, org.springframework.security.web.access.intercept.AuthorizationFilter@19b33b0d]
2023-09-24 22:40:01.198  INFO 25820 --- [    Test worker] com.ssuspot.sns.SnsApplicationTests      : Started SnsApplicationTests in 4.515 seconds (JVM running for 5.448)
]]></system-out>
  <system-err><![CDATA[]]></system-err>
</testsuite>
